<?xml version="1.0" encoding="UTF-8"?>
<testsuite name="com.jojoldu.book.springboot.web.HelloControllerTest" tests="2" skipped="0" failures="0" errors="0" timestamp="2021-02-11T07:52:09" hostname="DESKTOP-UNVO1IS" time="0.155">
  <properties/>
  <testcase name="hello가_리턴된다()" classname="com.jojoldu.book.springboot.web.HelloControllerTest" time="0.059"/>
  <testcase name="helloDto가_리턴된다()" classname="com.jojoldu.book.springboot.web.HelloControllerTest" time="0.094"/>
  <system-out><![CDATA[2021-02-11 16:52:09.167  INFO 7780 --- [    Test worker] .b.t.a.w.s.WebMvcTestContextBootstrapper : Neither @ContextConfiguration nor @ContextHierarchy found for test class [com.jojoldu.book.springboot.web.HelloControllerTest], using SpringBootContextLoader
2021-02-11 16:52:09.170  INFO 7780 --- [    Test worker] o.s.t.c.support.AbstractContextLoader    : Could not detect default resource locations for test class [com.jojoldu.book.springboot.web.HelloControllerTest]: no resource found for suffixes {-context.xml, Context.groovy}.
2021-02-11 16:52:09.171  INFO 7780 --- [    Test worker] t.c.s.AnnotationConfigContextLoaderUtils : Could not detect default configuration classes for test class [com.jojoldu.book.springboot.web.HelloControllerTest]: HelloControllerTest does not declare any static, non-private, non-final, nested classes annotated with @Configuration.
2021-02-11 16:52:09.201  INFO 7780 --- [    Test worker] .b.t.c.SpringBootTestContextBootstrapper : Found @SpringBootConfiguration com.jojoldu.book.springboot.Application for test class com.jojoldu.book.springboot.web.HelloControllerTest
2021-02-11 16:52:09.204  INFO 7780 --- [    Test worker] .b.t.a.w.s.WebMvcTestContextBootstrapper : Loaded default TestExecutionListener class names from location [META-INF/spring.factories]: [org.springframework.boot.test.autoconfigure.restdocs.RestDocsTestExecutionListener, org.springframework.boot.test.autoconfigure.web.client.MockRestServiceServerResetTestExecutionListener, org.springframework.boot.test.autoconfigure.web.servlet.MockMvcPrintOnlyOnFailureTestExecutionListener, org.springframework.boot.test.autoconfigure.web.servlet.WebDriverTestExecutionListener, org.springframework.boot.test.autoconfigure.webservices.client.MockWebServiceServerTestExecutionListener, org.springframework.boot.test.mock.mockito.MockitoTestExecutionListener, org.springframework.boot.test.mock.mockito.ResetMocksTestExecutionListener, org.springframework.test.context.web.ServletTestExecutionListener, org.springframework.test.context.support.DirtiesContextBeforeModesTestExecutionListener, org.springframework.test.context.support.DependencyInjectionTestExecutionListener, org.springframework.test.context.support.DirtiesContextTestExecutionListener, org.springframework.test.context.transaction.TransactionalTestExecutionListener, org.springframework.test.context.jdbc.SqlScriptsTestExecutionListener, org.springframework.test.context.event.EventPublishingTestExecutionListener]
2021-02-11 16:52:09.206  INFO 7780 --- [    Test worker] .b.t.a.w.s.WebMvcTestContextBootstrapper : Using TestExecutionListeners: [org.springframework.test.context.web.ServletTestExecutionListener@6e7a044a, org.springframework.test.context.support.DirtiesContextBeforeModesTestExecutionListener@2d5e4c75, org.springframework.boot.test.mock.mockito.MockitoTestExecutionListener@13b6e51, org.springframework.boot.test.autoconfigure.SpringBootDependencyInjectionTestExecutionListener@50f0b8d1, org.springframework.test.context.support.DirtiesContextTestExecutionListener@6e16bed1, org.springframework.test.context.transaction.TransactionalTestExecutionListener@31747a82, org.springframework.test.context.jdbc.SqlScriptsTestExecutionListener@6be7c31b, org.springframework.test.context.event.EventPublishingTestExecutionListener@3e04c886, org.springframework.boot.test.autoconfigure.restdocs.RestDocsTestExecutionListener@65bf09a1, org.springframework.boot.test.autoconfigure.web.client.MockRestServiceServerResetTestExecutionListener@770ddffe, org.springframework.boot.test.autoconfigure.web.servlet.MockMvcPrintOnlyOnFailureTestExecutionListener@22a7251f, org.springframework.boot.test.autoconfigure.web.servlet.WebDriverTestExecutionListener@3a7f8935, org.springframework.boot.test.autoconfigure.webservices.client.MockWebServiceServerTestExecutionListener@27907dda, org.springframework.boot.test.mock.mockito.ResetMocksTestExecutionListener@3efba4f9]

  .   ____          _            __ _ _
 /\\ / ___'_ __ _ _(_)_ __  __ _ \ \ \ \
( ( )\___ | '_ | '_| | '_ \/ _` | \ \ \ \
 \\/  ___)| |_)| | | | | || (_| |  ) ) ) )
  '  |____| .__|_| |_|_| |_\__, | / / / /
 =========|_|==============|___/=/_/_/_/
 :: Spring Boot ::                (v2.4.1)

2021-02-11 16:52:09.249  INFO 7780 --- [    Test worker] c.j.b.s.web.HelloControllerTest          : Starting HelloControllerTest using Java 15.0.1 on DESKTOP-UNVO1IS with PID 7780 (started by SeungChanJeong in C:\Users\SeungChanJeong\Documents\springboot2-webservice-cliwo)
2021-02-11 16:52:09.250  INFO 7780 --- [    Test worker] c.j.b.s.web.HelloControllerTest          : No active profile set, falling back to default profiles: default
2021-02-11 16:52:09.615  INFO 7780 --- [    Test worker] o.s.s.concurrent.ThreadPoolTaskExecutor  : Initializing ExecutorService 'applicationTaskExecutor'
2021-02-11 16:52:09.754  WARN 7780 --- [    Test worker] o.s.b.a.m.MustacheAutoConfiguration      : Cannot find template location: classpath:/templates/ (please add some templates, check your Mustache configuration, or set spring.mustache.check-template-location=false)
2021-02-11 16:52:09.821  INFO 7780 --- [    Test worker] o.s.b.t.m.w.SpringBootMockServletContext : Initializing Spring TestDispatcherServlet ''
2021-02-11 16:52:09.822  INFO 7780 --- [    Test worker] o.s.t.web.servlet.TestDispatcherServlet  : Initializing Servlet ''
2021-02-11 16:52:09.822  INFO 7780 --- [    Test worker] o.s.t.web.servlet.TestDispatcherServlet  : Completed initialization in 0 ms
2021-02-11 16:52:09.847  INFO 7780 --- [    Test worker] c.j.b.s.web.HelloControllerTest          : Started HelloControllerTest in 0.637 seconds (JVM running for 6.905)
]]></system-out>
  <system-err><![CDATA[]]></system-err>
</testsuite>
