<?xml version="1.0" encoding="UTF-8"?>
<testsuite name="com.jojoldu.book.springboot.web.HelloControllerTest" tests="2" skipped="0" failures="0" errors="0" timestamp="2021-02-14T12:04:17" hostname="DESKTOP-UNVO1IS" time="0.637">
  <properties/>
  <testcase name="hello가_리턴된다()" classname="com.jojoldu.book.springboot.web.HelloControllerTest" time="0.405"/>
  <testcase name="helloDto가_리턴된다()" classname="com.jojoldu.book.springboot.web.HelloControllerTest" time="0.229"/>
  <system-out><![CDATA[2021-02-14 21:04:15.551  INFO 19244 --- [    Test worker] .b.t.a.w.s.WebMvcTestContextBootstrapper : Neither @ContextConfiguration nor @ContextHierarchy found for test class [com.jojoldu.book.springboot.web.HelloControllerTest], using SpringBootContextLoader
2021-02-14 21:04:15.554  INFO 19244 --- [    Test worker] o.s.t.c.support.AbstractContextLoader    : Could not detect default resource locations for test class [com.jojoldu.book.springboot.web.HelloControllerTest]: no resource found for suffixes {-context.xml, Context.groovy}.
2021-02-14 21:04:15.555  INFO 19244 --- [    Test worker] t.c.s.AnnotationConfigContextLoaderUtils : Could not detect default configuration classes for test class [com.jojoldu.book.springboot.web.HelloControllerTest]: HelloControllerTest does not declare any static, non-private, non-final, nested classes annotated with @Configuration.
2021-02-14 21:04:15.592  INFO 19244 --- [    Test worker] .b.t.c.SpringBootTestContextBootstrapper : Found @SpringBootConfiguration com.jojoldu.book.springboot.Application for test class com.jojoldu.book.springboot.web.HelloControllerTest
2021-02-14 21:04:15.593  INFO 19244 --- [    Test worker] .b.t.a.w.s.WebMvcTestContextBootstrapper : Loaded default TestExecutionListener class names from location [META-INF/spring.factories]: [org.springframework.security.test.context.support.WithSecurityContextTestExecutionListener, org.springframework.security.test.context.support.ReactorContextTestExecutionListener, org.springframework.boot.test.autoconfigure.restdocs.RestDocsTestExecutionListener, org.springframework.boot.test.autoconfigure.web.client.MockRestServiceServerResetTestExecutionListener, org.springframework.boot.test.autoconfigure.web.servlet.MockMvcPrintOnlyOnFailureTestExecutionListener, org.springframework.boot.test.autoconfigure.web.servlet.WebDriverTestExecutionListener, org.springframework.boot.test.autoconfigure.webservices.client.MockWebServiceServerTestExecutionListener, org.springframework.boot.test.mock.mockito.MockitoTestExecutionListener, org.springframework.boot.test.mock.mockito.ResetMocksTestExecutionListener, org.springframework.test.context.web.ServletTestExecutionListener, org.springframework.test.context.support.DirtiesContextBeforeModesTestExecutionListener, org.springframework.test.context.support.DependencyInjectionTestExecutionListener, org.springframework.test.context.support.DirtiesContextTestExecutionListener, org.springframework.test.context.transaction.TransactionalTestExecutionListener, org.springframework.test.context.jdbc.SqlScriptsTestExecutionListener, org.springframework.test.context.event.EventPublishingTestExecutionListener]
2021-02-14 21:04:15.595  INFO 19244 --- [    Test worker] .b.t.a.w.s.WebMvcTestContextBootstrapper : Using TestExecutionListeners: [org.springframework.test.context.web.ServletTestExecutionListener@4c0933da, org.springframework.test.context.support.DirtiesContextBeforeModesTestExecutionListener@670e6773, org.springframework.boot.test.mock.mockito.MockitoTestExecutionListener@3bfb3913, org.springframework.boot.test.autoconfigure.SpringBootDependencyInjectionTestExecutionListener@7b2eeb74, org.springframework.test.context.support.DirtiesContextTestExecutionListener@7ebc9028, org.springframework.test.context.transaction.TransactionalTestExecutionListener@6a1d5573, org.springframework.test.context.jdbc.SqlScriptsTestExecutionListener@8ccda82, org.springframework.security.test.context.support.WithSecurityContextTestExecutionListener@4b5e5a4, org.springframework.test.context.event.EventPublishingTestExecutionListener@1e1208ca, org.springframework.security.test.context.support.ReactorContextTestExecutionListener@1ea460b6, org.springframework.boot.test.autoconfigure.restdocs.RestDocsTestExecutionListener@70d2a12a, org.springframework.boot.test.autoconfigure.web.client.MockRestServiceServerResetTestExecutionListener@5be1e251, org.springframework.boot.test.autoconfigure.web.servlet.MockMvcPrintOnlyOnFailureTestExecutionListener@55bbe5bf, org.springframework.boot.test.autoconfigure.web.servlet.WebDriverTestExecutionListener@68a79e6e, org.springframework.boot.test.autoconfigure.webservices.client.MockWebServiceServerTestExecutionListener@d19a9a1, org.springframework.boot.test.mock.mockito.ResetMocksTestExecutionListener@59be2139]

  .   ____          _            __ _ _
 /\\ / ___'_ __ _ _(_)_ __  __ _ \ \ \ \
( ( )\___ | '_ | '_| | '_ \/ _` | \ \ \ \
 \\/  ___)| |_)| | | | | || (_| |  ) ) ) )
  '  |____| .__|_| |_|_| |_\__, | / / / /
 =========|_|==============|___/=/_/_/_/
 :: Spring Boot ::                (v2.4.1)

2021-02-14 21:04:15.630  INFO 19244 --- [    Test worker] c.j.b.s.web.HelloControllerTest          : Starting HelloControllerTest using Java 15.0.1 on DESKTOP-UNVO1IS with PID 19244 (started by SeungChanJeong in C:\Users\SeungChanJeong\Documents\springboot2-webservice-cliwo)
2021-02-14 21:04:15.631  INFO 19244 --- [    Test worker] c.j.b.s.web.HelloControllerTest          : No active profile set, falling back to default profiles: default
2021-02-14 21:04:16.164  INFO 19244 --- [    Test worker] o.s.s.concurrent.ThreadPoolTaskExecutor  : Initializing ExecutorService 'applicationTaskExecutor'
2021-02-14 21:04:16.210  INFO 19244 --- [    Test worker] o.s.b.a.w.s.WelcomePageHandlerMapping    : Adding welcome page template: index
2021-02-14 21:04:16.685  INFO 19244 --- [    Test worker] o.s.s.web.DefaultSecurityFilterChain     : Will secure any request with [org.springframework.security.web.context.request.async.WebAsyncManagerIntegrationFilter@511016c9, org.springframework.security.web.context.SecurityContextPersistenceFilter@36a9cd0a, org.springframework.security.web.header.HeaderWriterFilter@309a8fff, org.springframework.security.web.csrf.CsrfFilter@68767756, org.springframework.security.web.authentication.logout.LogoutFilter@647fc4aa, org.springframework.security.oauth2.client.web.OAuth2AuthorizationRequestRedirectFilter@3bb1c4a6, org.springframework.security.oauth2.client.web.OAuth2AuthorizationRequestRedirectFilter@27386fce, org.springframework.security.oauth2.client.web.OAuth2LoginAuthenticationFilter@1c519c34, org.springframework.security.web.authentication.ui.DefaultLoginPageGeneratingFilter@e832973, org.springframework.security.web.authentication.ui.DefaultLogoutPageGeneratingFilter@fdc025a, org.springframework.security.web.savedrequest.RequestCacheAwareFilter@316b6fb1, org.springframework.security.web.servletapi.SecurityContextHolderAwareRequestFilter@55eaeb14, org.springframework.security.web.authentication.AnonymousAuthenticationFilter@4501fcca, org.springframework.security.oauth2.client.web.OAuth2AuthorizationCodeGrantFilter@31b1a3e0, org.springframework.security.web.session.SessionManagementFilter@25dd9713, org.springframework.security.web.access.ExceptionTranslationFilter@6b8d891f, org.springframework.security.web.access.intercept.FilterSecurityInterceptor@299fdc58]
2021-02-14 21:04:17.065  INFO 19244 --- [    Test worker] o.s.b.t.m.w.SpringBootMockServletContext : Initializing Spring TestDispatcherServlet ''
2021-02-14 21:04:17.065  INFO 19244 --- [    Test worker] o.s.t.web.servlet.TestDispatcherServlet  : Initializing Servlet ''
2021-02-14 21:04:17.066  INFO 19244 --- [    Test worker] o.s.t.web.servlet.TestDispatcherServlet  : Completed initialization in 1 ms
2021-02-14 21:04:17.134  INFO 19244 --- [    Test worker] c.j.b.s.web.HelloControllerTest          : Started HelloControllerTest in 1.535 seconds (JVM running for 14.188)
]]></system-out>
  <system-err><![CDATA[]]></system-err>
</testsuite>
